INFO msunas.py(154): Iter 0: hv = 0.0496
INFO msunas.py(216): fitting mIoU surrogate model...
INFO utils.py(129): Note: NumExpr detected 32 cores but "NUMEXPR_MAX_THREADS" not set, so enforcing safe limit of 8.
INFO utils.py(141): NumExpr defaulting to 8 threads.
INFO msunas.py(221): fitting second objective surrogate model...
INFO msunas.py(185): Iter 1: hv = 0.0506
INFO msunas.py(186): Surrogate model {} performance:
INFO msunas.py(187): For predicting mIoU: RMSE = 0.0108, Spearman's Rho = 0.9762, Kendall’s Tau = 0.9286
INFO msunas.py(189): For predicting latency: RMSE = 0.2423, Spearman's Rho = 1.0000, Kendall’s Tau = 1.0000
INFO msunas.py(216): fitting mIoU surrogate model...
INFO msunas.py(221): fitting second objective surrogate model...
INFO msunas.py(185): Iter 2: hv = 0.0508
INFO msunas.py(186): Surrogate model {} performance:
INFO msunas.py(187): For predicting mIoU: RMSE = 0.0139, Spearman's Rho = 0.7619, Kendall’s Tau = 0.5714
INFO msunas.py(189): For predicting latency: RMSE = 0.2359, Spearman's Rho = 0.9762, Kendall’s Tau = 0.9286
INFO msunas.py(216): fitting mIoU surrogate model...
INFO msunas.py(221): fitting second objective surrogate model...
INFO msunas.py(185): Iter 3: hv = 0.0516
INFO msunas.py(186): Surrogate model {} performance:
INFO msunas.py(187): For predicting mIoU: RMSE = 0.0070, Spearman's Rho = 0.6190, Kendall’s Tau = 0.5000
INFO msunas.py(189): For predicting latency: RMSE = 0.2441, Spearman's Rho = 0.8571, Kendall’s Tau = 0.7143
INFO msunas.py(216): fitting mIoU surrogate model...
INFO msunas.py(221): fitting second objective surrogate model...
INFO msunas.py(185): Iter 4: hv = 0.0522
INFO msunas.py(186): Surrogate model {} performance:
INFO msunas.py(187): For predicting mIoU: RMSE = 0.0147, Spearman's Rho = 0.9048, Kendall’s Tau = 0.7857
INFO msunas.py(189): For predicting latency: RMSE = 0.4399, Spearman's Rho = 0.8333, Kendall’s Tau = 0.7143
INFO msunas.py(216): fitting mIoU surrogate model...
INFO msunas.py(221): fitting second objective surrogate model...
INFO msunas.py(185): Iter 5: hv = 0.0523
INFO msunas.py(186): Surrogate model {} performance:
INFO msunas.py(187): For predicting mIoU: RMSE = 0.0055, Spearman's Rho = 0.9524, Kendall’s Tau = 0.8571
INFO msunas.py(189): For predicting latency: RMSE = 0.4269, Spearman's Rho = 0.9762, Kendall’s Tau = 0.9286
INFO msunas.py(216): fitting mIoU surrogate model...
INFO msunas.py(221): fitting second objective surrogate model...
INFO msunas.py(185): Iter 6: hv = 0.0524
INFO msunas.py(186): Surrogate model {} performance:
INFO msunas.py(187): For predicting mIoU: RMSE = 0.0070, Spearman's Rho = 0.9762, Kendall’s Tau = 0.9286
INFO msunas.py(189): For predicting latency: RMSE = 0.2268, Spearman's Rho = 0.9762, Kendall’s Tau = 0.9286
INFO msunas.py(216): fitting mIoU surrogate model...
INFO msunas.py(221): fitting second objective surrogate model...
INFO msunas.py(185): Iter 7: hv = 0.0529
INFO msunas.py(186): Surrogate model {} performance:
INFO msunas.py(187): For predicting mIoU: RMSE = 0.0019, Spearman's Rho = 0.9048, Kendall’s Tau = 0.7857
INFO msunas.py(189): For predicting latency: RMSE = 0.2043, Spearman's Rho = 0.9762, Kendall’s Tau = 0.9286
INFO msunas.py(216): fitting mIoU surrogate model...
INFO msunas.py(221): fitting second objective surrogate model...
INFO msunas.py(185): Iter 8: hv = 0.0530
INFO msunas.py(186): Surrogate model {} performance:
INFO msunas.py(187): For predicting mIoU: RMSE = 0.0047, Spearman's Rho = 0.9048, Kendall’s Tau = 0.7857
INFO msunas.py(189): For predicting latency: RMSE = 0.1893, Spearman's Rho = 1.0000, Kendall’s Tau = 1.0000
INFO msunas.py(216): fitting mIoU surrogate model...
INFO msunas.py(221): fitting second objective surrogate model...
INFO msunas.py(185): Iter 9: hv = 0.0532
INFO msunas.py(186): Surrogate model {} performance:
INFO msunas.py(187): For predicting mIoU: RMSE = 0.0029, Spearman's Rho = 0.5952, Kendall’s Tau = 0.4286
INFO msunas.py(189): For predicting latency: RMSE = 0.0596, Spearman's Rho = 0.9762, Kendall’s Tau = 0.9286
INFO msunas.py(216): fitting mIoU surrogate model...
INFO msunas.py(221): fitting second objective surrogate model...
INFO msunas.py(185): Iter 10: hv = 0.0533
INFO msunas.py(186): Surrogate model {} performance:
INFO msunas.py(187): For predicting mIoU: RMSE = 0.0025, Spearman's Rho = 0.6905, Kendall’s Tau = 0.5714
INFO msunas.py(189): For predicting latency: RMSE = 0.1900, Spearman's Rho = 1.0000, Kendall’s Tau = 1.0000
INFO msunas.py(216): fitting mIoU surrogate model...
INFO msunas.py(221): fitting second objective surrogate model...
INFO msunas.py(185): Iter 11: hv = 0.0533
INFO msunas.py(186): Surrogate model {} performance:
INFO msunas.py(187): For predicting mIoU: RMSE = 0.0026, Spearman's Rho = 0.8095, Kendall’s Tau = 0.7143
INFO msunas.py(189): For predicting latency: RMSE = 0.1686, Spearman's Rho = 0.9524, Kendall’s Tau = 0.8571
INFO msunas.py(216): fitting mIoU surrogate model...
INFO msunas.py(221): fitting second objective surrogate model...
INFO msunas.py(185): Iter 12: hv = 0.0535
INFO msunas.py(186): Surrogate model {} performance:
INFO msunas.py(187): For predicting mIoU: RMSE = 0.0041, Spearman's Rho = 0.9048, Kendall’s Tau = 0.7857
INFO msunas.py(189): For predicting latency: RMSE = 0.1333, Spearman's Rho = 0.9048, Kendall’s Tau = 0.7857
INFO msunas.py(216): fitting mIoU surrogate model...
INFO msunas.py(221): fitting second objective surrogate model...
INFO msunas.py(185): Iter 13: hv = 0.0538
INFO msunas.py(186): Surrogate model {} performance:
INFO msunas.py(187): For predicting mIoU: RMSE = 0.0021, Spearman's Rho = 0.9762, Kendall’s Tau = 0.9286
INFO msunas.py(189): For predicting latency: RMSE = 0.1638, Spearman's Rho = 0.9762, Kendall’s Tau = 0.9286
INFO msunas.py(216): fitting mIoU surrogate model...
INFO msunas.py(221): fitting second objective surrogate model...
INFO msunas.py(185): Iter 14: hv = 0.0538
INFO msunas.py(186): Surrogate model {} performance:
INFO msunas.py(187): For predicting mIoU: RMSE = 0.0030, Spearman's Rho = 0.6667, Kendall’s Tau = 0.5000
INFO msunas.py(189): For predicting latency: RMSE = 0.0979, Spearman's Rho = 1.0000, Kendall’s Tau = 1.0000
INFO msunas.py(216): fitting mIoU surrogate model...
INFO msunas.py(221): fitting second objective surrogate model...
INFO msunas.py(185): Iter 15: hv = 0.0538
INFO msunas.py(186): Surrogate model {} performance:
INFO msunas.py(187): For predicting mIoU: RMSE = 0.0042, Spearman's Rho = -0.2381, Kendall’s Tau = -0.2857
INFO msunas.py(189): For predicting latency: RMSE = 0.1390, Spearman's Rho = 0.9286, Kendall’s Tau = 0.8571
INFO msunas.py(216): fitting mIoU surrogate model...
INFO msunas.py(221): fitting second objective surrogate model...
INFO msunas.py(185): Iter 16: hv = 0.0538
INFO msunas.py(186): Surrogate model {} performance:
INFO msunas.py(187): For predicting mIoU: RMSE = 0.0022, Spearman's Rho = 0.8333, Kendall’s Tau = 0.7143
INFO msunas.py(189): For predicting latency: RMSE = 0.5312, Spearman's Rho = 0.8333, Kendall’s Tau = 0.7143
INFO msunas.py(216): fitting mIoU surrogate model...
INFO msunas.py(221): fitting second objective surrogate model...
INFO msunas.py(185): Iter 17: hv = 0.0539
INFO msunas.py(186): Surrogate model {} performance:
INFO msunas.py(187): For predicting mIoU: RMSE = 0.0016, Spearman's Rho = 0.6905, Kendall’s Tau = 0.5714
INFO msunas.py(189): For predicting latency: RMSE = 0.1244, Spearman's Rho = 1.0000, Kendall’s Tau = 1.0000
INFO msunas.py(216): fitting mIoU surrogate model...
INFO msunas.py(221): fitting second objective surrogate model...
INFO msunas.py(185): Iter 18: hv = 0.0546
INFO msunas.py(186): Surrogate model {} performance:
INFO msunas.py(187): For predicting mIoU: RMSE = 0.0028, Spearman's Rho = 0.6905, Kendall’s Tau = 0.5714
INFO msunas.py(189): For predicting latency: RMSE = 0.1215, Spearman's Rho = 0.9762, Kendall’s Tau = 0.9286
INFO msunas.py(216): fitting mIoU surrogate model...
INFO msunas.py(221): fitting second objective surrogate model...
INFO msunas.py(185): Iter 19: hv = 0.0547
INFO msunas.py(186): Surrogate model {} performance:
INFO msunas.py(187): For predicting mIoU: RMSE = 0.0015, Spearman's Rho = 0.7619, Kendall’s Tau = 0.5714
INFO msunas.py(189): For predicting latency: RMSE = 0.2162, Spearman's Rho = 0.9524, Kendall’s Tau = 0.8571
INFO msunas.py(216): fitting mIoU surrogate model...
INFO msunas.py(221): fitting second objective surrogate model...
INFO msunas.py(185): Iter 20: hv = 0.0547
INFO msunas.py(186): Surrogate model {} performance:
INFO msunas.py(187): For predicting mIoU: RMSE = 0.0097, Spearman's Rho = 0.0000, Kendall’s Tau = 0.1429
INFO msunas.py(189): For predicting latency: RMSE = 0.2142, Spearman's Rho = 0.9286, Kendall’s Tau = 0.8571
INFO msunas.py(216): fitting mIoU surrogate model...
INFO msunas.py(221): fitting second objective surrogate model...
INFO msunas.py(185): Iter 21: hv = 0.0548
INFO msunas.py(186): Surrogate model {} performance:
INFO msunas.py(187): For predicting mIoU: RMSE = 0.0020, Spearman's Rho = 0.8810, Kendall’s Tau = 0.7143
INFO msunas.py(189): For predicting latency: RMSE = 0.1565, Spearman's Rho = 0.9762, Kendall’s Tau = 0.9286
INFO msunas.py(216): fitting mIoU surrogate model...
INFO msunas.py(221): fitting second objective surrogate model...
INFO msunas.py(185): Iter 22: hv = 0.0548
INFO msunas.py(186): Surrogate model {} performance:
INFO msunas.py(187): For predicting mIoU: RMSE = 0.0042, Spearman's Rho = 0.9048, Kendall’s Tau = 0.7857
INFO msunas.py(189): For predicting latency: RMSE = 0.1574, Spearman's Rho = 0.9762, Kendall’s Tau = 0.9286
INFO msunas.py(216): fitting mIoU surrogate model...
INFO msunas.py(221): fitting second objective surrogate model...
INFO msunas.py(185): Iter 23: hv = 0.0548
INFO msunas.py(186): Surrogate model {} performance:
INFO msunas.py(187): For predicting mIoU: RMSE = 0.0010, Spearman's Rho = 0.9048, Kendall’s Tau = 0.7857
INFO msunas.py(189): For predicting latency: RMSE = 0.0681, Spearman's Rho = 0.9762, Kendall’s Tau = 0.9286
INFO msunas.py(216): fitting mIoU surrogate model...
INFO msunas.py(221): fitting second objective surrogate model...
INFO msunas.py(185): Iter 24: hv = 0.0549
INFO msunas.py(186): Surrogate model {} performance:
INFO msunas.py(187): For predicting mIoU: RMSE = 0.0014, Spearman's Rho = 1.0000, Kendall’s Tau = 1.0000
INFO msunas.py(189): For predicting latency: RMSE = 0.1223, Spearman's Rho = 1.0000, Kendall’s Tau = 1.0000
INFO msunas.py(216): fitting mIoU surrogate model...
INFO msunas.py(221): fitting second objective surrogate model...
INFO msunas.py(185): Iter 25: hv = 0.0549
INFO msunas.py(186): Surrogate model {} performance:
INFO msunas.py(187): For predicting mIoU: RMSE = 0.0020, Spearman's Rho = 0.9048, Kendall’s Tau = 0.7857
INFO msunas.py(189): For predicting latency: RMSE = 0.2701, Spearman's Rho = 1.0000, Kendall’s Tau = 1.0000
INFO msunas.py(216): fitting mIoU surrogate model...
INFO msunas.py(221): fitting second objective surrogate model...
INFO msunas.py(185): Iter 26: hv = 0.0549
INFO msunas.py(186): Surrogate model {} performance:
INFO msunas.py(187): For predicting mIoU: RMSE = 0.0048, Spearman's Rho = 0.9762, Kendall’s Tau = 0.9286
INFO msunas.py(189): For predicting latency: RMSE = 0.1158, Spearman's Rho = 1.0000, Kendall’s Tau = 1.0000
INFO msunas.py(216): fitting mIoU surrogate model...
INFO msunas.py(221): fitting second objective surrogate model...
INFO msunas.py(185): Iter 27: hv = 0.0549
INFO msunas.py(186): Surrogate model {} performance:
INFO msunas.py(187): For predicting mIoU: RMSE = 0.0025, Spearman's Rho = 0.8333, Kendall’s Tau = 0.7143
INFO msunas.py(189): For predicting latency: RMSE = 0.1613, Spearman's Rho = 1.0000, Kendall’s Tau = 1.0000
INFO msunas.py(216): fitting mIoU surrogate model...
INFO msunas.py(221): fitting second objective surrogate model...
INFO msunas.py(185): Iter 28: hv = 0.0549
INFO msunas.py(186): Surrogate model {} performance:
INFO msunas.py(187): For predicting mIoU: RMSE = 0.0012, Spearman's Rho = 0.7857, Kendall’s Tau = 0.6429
INFO msunas.py(189): For predicting latency: RMSE = 0.2333, Spearman's Rho = 1.0000, Kendall’s Tau = 1.0000
INFO msunas.py(216): fitting mIoU surrogate model...
INFO msunas.py(221): fitting second objective surrogate model...
INFO msunas.py(185): Iter 29: hv = 0.0549
INFO msunas.py(186): Surrogate model {} performance:
INFO msunas.py(187): For predicting mIoU: RMSE = 0.0037, Spearman's Rho = 0.9048, Kendall’s Tau = 0.7857
INFO msunas.py(189): For predicting latency: RMSE = 0.0563, Spearman's Rho = 1.0000, Kendall’s Tau = 1.0000
INFO msunas.py(216): fitting mIoU surrogate model...
INFO msunas.py(221): fitting second objective surrogate model...
INFO msunas.py(185): Iter 30: hv = 0.0552
INFO msunas.py(186): Surrogate model {} performance:
INFO msunas.py(187): For predicting mIoU: RMSE = 0.0040, Spearman's Rho = 0.9286, Kendall’s Tau = 0.8571
INFO msunas.py(189): For predicting latency: RMSE = 0.0893, Spearman's Rho = 1.0000, Kendall’s Tau = 1.0000
