INFO msunas.py(154): Iter 0: hv = 0.0253
INFO msunas.py(216): fitting mIoU surrogate model...
INFO utils.py(129): Note: NumExpr detected 32 cores but "NUMEXPR_MAX_THREADS" not set, so enforcing safe limit of 8.
INFO utils.py(141): NumExpr defaulting to 8 threads.
INFO msunas.py(221): fitting second objective surrogate model...
INFO msunas.py(185): Iter 1: hv = 0.0263
INFO msunas.py(186): Surrogate model lgb performance:
INFO msunas.py(187): For predicting mIoU: RMSE = 0.0071, Spearman's Rho = 0.9286, Kendall’s Tau = 0.8571
INFO msunas.py(189): For predicting latency: RMSE = 0.4677, Spearman's Rho = 1.0000, Kendall’s Tau = 1.0000
INFO msunas.py(216): fitting mIoU surrogate model...
INFO msunas.py(221): fitting second objective surrogate model...
INFO msunas.py(185): Iter 2: hv = 0.0273
INFO msunas.py(186): Surrogate model lgb performance:
INFO msunas.py(187): For predicting mIoU: RMSE = 0.0059, Spearman's Rho = 0.9762, Kendall’s Tau = 0.9286
INFO msunas.py(189): For predicting latency: RMSE = 0.6257, Spearman's Rho = 1.0000, Kendall’s Tau = 1.0000
INFO msunas.py(216): fitting mIoU surrogate model...
INFO msunas.py(221): fitting second objective surrogate model...
INFO msunas.py(185): Iter 3: hv = 0.0275
INFO msunas.py(186): Surrogate model lgb performance:
INFO msunas.py(187): For predicting mIoU: RMSE = 0.0050, Spearman's Rho = 0.9762, Kendall’s Tau = 0.9286
INFO msunas.py(189): For predicting latency: RMSE = 0.4322, Spearman's Rho = 0.9286, Kendall’s Tau = 0.8571
INFO msunas.py(216): fitting mIoU surrogate model...
INFO msunas.py(221): fitting second objective surrogate model...
INFO msunas.py(185): Iter 4: hv = 0.0278
INFO msunas.py(186): Surrogate model lgb performance:
INFO msunas.py(187): For predicting mIoU: RMSE = 0.0040, Spearman's Rho = 1.0000, Kendall’s Tau = 1.0000
INFO msunas.py(189): For predicting latency: RMSE = 0.4081, Spearman's Rho = 0.9762, Kendall’s Tau = 0.9286
INFO msunas.py(216): fitting mIoU surrogate model...
INFO msunas.py(221): fitting second objective surrogate model...
INFO msunas.py(185): Iter 5: hv = 0.0279
INFO msunas.py(186): Surrogate model lgb performance:
INFO msunas.py(187): For predicting mIoU: RMSE = 0.0025, Spearman's Rho = 0.9524, Kendall’s Tau = 0.8571
INFO msunas.py(189): For predicting latency: RMSE = 0.8783, Spearman's Rho = 0.9762, Kendall’s Tau = 0.9286
INFO msunas.py(216): fitting mIoU surrogate model...
INFO msunas.py(221): fitting second objective surrogate model...
INFO msunas.py(185): Iter 6: hv = 0.0281
INFO msunas.py(186): Surrogate model lgb performance:
INFO msunas.py(187): For predicting mIoU: RMSE = 0.0019, Spearman's Rho = 0.8571, Kendall’s Tau = 0.7857
INFO msunas.py(189): For predicting latency: RMSE = 0.3670, Spearman's Rho = 1.0000, Kendall’s Tau = 1.0000
INFO msunas.py(216): fitting mIoU surrogate model...
INFO msunas.py(221): fitting second objective surrogate model...
INFO msunas.py(185): Iter 7: hv = 0.0284
INFO msunas.py(186): Surrogate model lgb performance:
INFO msunas.py(187): For predicting mIoU: RMSE = 0.0011, Spearman's Rho = 0.8333, Kendall’s Tau = 0.7143
INFO msunas.py(189): For predicting latency: RMSE = 0.4458, Spearman's Rho = 1.0000, Kendall’s Tau = 1.0000
INFO msunas.py(216): fitting mIoU surrogate model...
INFO msunas.py(221): fitting second objective surrogate model...
INFO msunas.py(185): Iter 8: hv = 0.0284
INFO msunas.py(186): Surrogate model lgb performance:
INFO msunas.py(187): For predicting mIoU: RMSE = 0.0012, Spearman's Rho = 0.7619, Kendall’s Tau = 0.5714
INFO msunas.py(189): For predicting latency: RMSE = 0.3958, Spearman's Rho = 0.9762, Kendall’s Tau = 0.9286
INFO msunas.py(216): fitting mIoU surrogate model...
INFO msunas.py(221): fitting second objective surrogate model...
INFO msunas.py(185): Iter 9: hv = 0.0285
INFO msunas.py(186): Surrogate model lgb performance:
INFO msunas.py(187): For predicting mIoU: RMSE = 0.0011, Spearman's Rho = 0.5714, Kendall’s Tau = 0.4286
INFO msunas.py(189): For predicting latency: RMSE = 0.2373, Spearman's Rho = 0.9762, Kendall’s Tau = 0.9286
INFO msunas.py(216): fitting mIoU surrogate model...
INFO msunas.py(221): fitting second objective surrogate model...
INFO msunas.py(185): Iter 10: hv = 0.0285
INFO msunas.py(186): Surrogate model lgb performance:
INFO msunas.py(187): For predicting mIoU: RMSE = 0.0011, Spearman's Rho = 0.9286, Kendall’s Tau = 0.8571
INFO msunas.py(189): For predicting latency: RMSE = 0.1890, Spearman's Rho = 1.0000, Kendall’s Tau = 1.0000
INFO msunas.py(216): fitting mIoU surrogate model...
INFO msunas.py(221): fitting second objective surrogate model...
INFO msunas.py(185): Iter 11: hv = 0.0285
INFO msunas.py(186): Surrogate model lgb performance:
INFO msunas.py(187): For predicting mIoU: RMSE = 0.0006, Spearman's Rho = 0.9762, Kendall’s Tau = 0.9286
INFO msunas.py(189): For predicting latency: RMSE = 0.3114, Spearman's Rho = 0.9048, Kendall’s Tau = 0.7857
INFO msunas.py(216): fitting mIoU surrogate model...
INFO msunas.py(221): fitting second objective surrogate model...
INFO msunas.py(185): Iter 12: hv = 0.0285
INFO msunas.py(186): Surrogate model lgb performance:
INFO msunas.py(187): For predicting mIoU: RMSE = 0.0011, Spearman's Rho = 0.9048, Kendall’s Tau = 0.7857
INFO msunas.py(189): For predicting latency: RMSE = 0.2041, Spearman's Rho = 1.0000, Kendall’s Tau = 1.0000
INFO msunas.py(216): fitting mIoU surrogate model...
INFO msunas.py(221): fitting second objective surrogate model...
INFO msunas.py(185): Iter 13: hv = 0.0287
INFO msunas.py(186): Surrogate model lgb performance:
INFO msunas.py(187): For predicting mIoU: RMSE = 0.0016, Spearman's Rho = 0.9762, Kendall’s Tau = 0.9286
INFO msunas.py(189): For predicting latency: RMSE = 0.1551, Spearman's Rho = 1.0000, Kendall’s Tau = 1.0000
INFO msunas.py(216): fitting mIoU surrogate model...
INFO msunas.py(221): fitting second objective surrogate model...
INFO msunas.py(185): Iter 14: hv = 0.0289
INFO msunas.py(186): Surrogate model lgb performance:
INFO msunas.py(187): For predicting mIoU: RMSE = 0.0013, Spearman's Rho = 0.9524, Kendall’s Tau = 0.8571
INFO msunas.py(189): For predicting latency: RMSE = 0.0782, Spearman's Rho = 1.0000, Kendall’s Tau = 1.0000
INFO msunas.py(216): fitting mIoU surrogate model...
INFO msunas.py(221): fitting second objective surrogate model...
INFO msunas.py(185): Iter 15: hv = 0.0291
INFO msunas.py(186): Surrogate model lgb performance:
INFO msunas.py(187): For predicting mIoU: RMSE = 0.0011, Spearman's Rho = 0.9524, Kendall’s Tau = 0.8571
INFO msunas.py(189): For predicting latency: RMSE = 0.1349, Spearman's Rho = 1.0000, Kendall’s Tau = 1.0000
INFO msunas.py(216): fitting mIoU surrogate model...
INFO msunas.py(221): fitting second objective surrogate model...
INFO msunas.py(185): Iter 16: hv = 0.0291
INFO msunas.py(186): Surrogate model lgb performance:
INFO msunas.py(187): For predicting mIoU: RMSE = 0.0006, Spearman's Rho = 0.8571, Kendall’s Tau = 0.7143
INFO msunas.py(189): For predicting latency: RMSE = 0.1636, Spearman's Rho = 1.0000, Kendall’s Tau = 1.0000
INFO msunas.py(216): fitting mIoU surrogate model...
INFO msunas.py(221): fitting second objective surrogate model...
INFO msunas.py(185): Iter 17: hv = 0.0292
INFO msunas.py(186): Surrogate model lgb performance:
INFO msunas.py(187): For predicting mIoU: RMSE = 0.0010, Spearman's Rho = 0.8333, Kendall’s Tau = 0.6429
INFO msunas.py(189): For predicting latency: RMSE = 0.2858, Spearman's Rho = 1.0000, Kendall’s Tau = 1.0000
INFO msunas.py(216): fitting mIoU surrogate model...
INFO msunas.py(221): fitting second objective surrogate model...
INFO msunas.py(185): Iter 18: hv = 0.0293
INFO msunas.py(186): Surrogate model lgb performance:
INFO msunas.py(187): For predicting mIoU: RMSE = 0.0012, Spearman's Rho = 0.8333, Kendall’s Tau = 0.7143
INFO msunas.py(189): For predicting latency: RMSE = 0.0632, Spearman's Rho = 1.0000, Kendall’s Tau = 1.0000
INFO msunas.py(216): fitting mIoU surrogate model...
INFO msunas.py(221): fitting second objective surrogate model...
INFO msunas.py(185): Iter 19: hv = 0.0293
INFO msunas.py(186): Surrogate model lgb performance:
INFO msunas.py(187): For predicting mIoU: RMSE = 0.0043, Spearman's Rho = 0.9524, Kendall’s Tau = 0.8571
INFO msunas.py(189): For predicting latency: RMSE = 0.1287, Spearman's Rho = 1.0000, Kendall’s Tau = 1.0000
INFO msunas.py(216): fitting mIoU surrogate model...
INFO msunas.py(221): fitting second objective surrogate model...
INFO msunas.py(185): Iter 20: hv = 0.0295
INFO msunas.py(186): Surrogate model lgb performance:
INFO msunas.py(187): For predicting mIoU: RMSE = 0.0018, Spearman's Rho = 1.0000, Kendall’s Tau = 1.0000
INFO msunas.py(189): For predicting latency: RMSE = 0.2368, Spearman's Rho = 0.9762, Kendall’s Tau = 0.9286
INFO msunas.py(216): fitting mIoU surrogate model...
INFO msunas.py(221): fitting second objective surrogate model...
INFO msunas.py(185): Iter 21: hv = 0.0297
INFO msunas.py(186): Surrogate model lgb performance:
INFO msunas.py(187): For predicting mIoU: RMSE = 0.0014, Spearman's Rho = 0.9048, Kendall’s Tau = 0.7857
INFO msunas.py(189): For predicting latency: RMSE = 0.1086, Spearman's Rho = 0.9762, Kendall’s Tau = 0.9286
INFO msunas.py(216): fitting mIoU surrogate model...
INFO msunas.py(221): fitting second objective surrogate model...
INFO msunas.py(185): Iter 22: hv = 0.0298
INFO msunas.py(186): Surrogate model lgb performance:
INFO msunas.py(187): For predicting mIoU: RMSE = 0.0013, Spearman's Rho = 1.0000, Kendall’s Tau = 1.0000
INFO msunas.py(189): For predicting latency: RMSE = 0.1219, Spearman's Rho = 0.9762, Kendall’s Tau = 0.9286
INFO msunas.py(216): fitting mIoU surrogate model...
INFO msunas.py(221): fitting second objective surrogate model...
INFO msunas.py(185): Iter 23: hv = 0.0298
INFO msunas.py(186): Surrogate model lgb performance:
INFO msunas.py(187): For predicting mIoU: RMSE = 0.0012, Spearman's Rho = 0.9762, Kendall’s Tau = 0.9286
INFO msunas.py(189): For predicting latency: RMSE = 0.2824, Spearman's Rho = 0.9762, Kendall’s Tau = 0.9286
INFO msunas.py(216): fitting mIoU surrogate model...
INFO msunas.py(221): fitting second objective surrogate model...
INFO msunas.py(185): Iter 24: hv = 0.0299
INFO msunas.py(186): Surrogate model lgb performance:
INFO msunas.py(187): For predicting mIoU: RMSE = 0.0011, Spearman's Rho = 0.9286, Kendall’s Tau = 0.8571
INFO msunas.py(189): For predicting latency: RMSE = 0.0940, Spearman's Rho = 1.0000, Kendall’s Tau = 1.0000
INFO msunas.py(216): fitting mIoU surrogate model...
INFO msunas.py(221): fitting second objective surrogate model...
INFO msunas.py(185): Iter 25: hv = 0.0299
INFO msunas.py(186): Surrogate model lgb performance:
INFO msunas.py(187): For predicting mIoU: RMSE = 0.0004, Spearman's Rho = 1.0000, Kendall’s Tau = 1.0000
INFO msunas.py(189): For predicting latency: RMSE = 0.1290, Spearman's Rho = 0.9762, Kendall’s Tau = 0.9286
INFO msunas.py(216): fitting mIoU surrogate model...
INFO msunas.py(221): fitting second objective surrogate model...
INFO msunas.py(185): Iter 26: hv = 0.0299
INFO msunas.py(186): Surrogate model lgb performance:
INFO msunas.py(187): For predicting mIoU: RMSE = 0.0005, Spearman's Rho = 0.9762, Kendall’s Tau = 0.9286
INFO msunas.py(189): For predicting latency: RMSE = 0.1695, Spearman's Rho = 1.0000, Kendall’s Tau = 1.0000
INFO msunas.py(216): fitting mIoU surrogate model...
INFO msunas.py(221): fitting second objective surrogate model...
INFO msunas.py(185): Iter 27: hv = 0.0299
INFO msunas.py(186): Surrogate model lgb performance:
INFO msunas.py(187): For predicting mIoU: RMSE = 0.0010, Spearman's Rho = 1.0000, Kendall’s Tau = 1.0000
INFO msunas.py(189): For predicting latency: RMSE = 0.1187, Spearman's Rho = 1.0000, Kendall’s Tau = 1.0000
INFO msunas.py(216): fitting mIoU surrogate model...
INFO msunas.py(221): fitting second objective surrogate model...
INFO msunas.py(185): Iter 28: hv = 0.0299
INFO msunas.py(186): Surrogate model lgb performance:
INFO msunas.py(187): For predicting mIoU: RMSE = 0.0007, Spearman's Rho = 0.8810, Kendall’s Tau = 0.7143
INFO msunas.py(189): For predicting latency: RMSE = 0.0846, Spearman's Rho = 1.0000, Kendall’s Tau = 1.0000
INFO msunas.py(216): fitting mIoU surrogate model...
INFO msunas.py(221): fitting second objective surrogate model...
INFO msunas.py(185): Iter 29: hv = 0.0300
INFO msunas.py(186): Surrogate model lgb performance:
INFO msunas.py(187): For predicting mIoU: RMSE = 0.0006, Spearman's Rho = 0.9286, Kendall’s Tau = 0.8571
INFO msunas.py(189): For predicting latency: RMSE = 0.0940, Spearman's Rho = 1.0000, Kendall’s Tau = 1.0000
INFO msunas.py(216): fitting mIoU surrogate model...
INFO msunas.py(221): fitting second objective surrogate model...
INFO msunas.py(185): Iter 30: hv = 0.0300
INFO msunas.py(186): Surrogate model lgb performance:
INFO msunas.py(187): For predicting mIoU: RMSE = 0.0006, Spearman's Rho = 0.6190, Kendall’s Tau = 0.5000
INFO msunas.py(189): For predicting latency: RMSE = 0.1487, Spearman's Rho = 1.0000, Kendall’s Tau = 1.0000
